<?xml version="1.0" encoding="UTF-8"?>
<!-- Generated by org.testng.reporters.JUnitXMLReporter -->
<testsuite ignored="2" hostname="DESKTOP-9GTL4K1" failures="0" tests="1" name="Test1" time="16.924" errors="0" timestamp="2023-03-01T22:12:19 IST">
  <testcase classname="testng.DropDown" name="multipleElements" time="0.911"/>
  <testcase classname="testng.DropDown" name="Test_001" time="0.0">
    <ignored/>
  </testcase> <!-- Test_001 -->
  <testcase classname="testng.DropDown" name="Test_002" time="0.0">
    <ignored/>
  </testcase> <!-- Test_002 -->
</testsuite> <!-- Test1 -->
